-------------------------------------------------------------------------------
Test set: com.nah.laptopworld.controller.client.HomePageControllerTest
-------------------------------------------------------------------------------
Tests run: 3, Failures: 2, Errors: 1, Skipped: 0, Time elapsed: 3.637 s <<< FAILURE! -- in com.nah.laptopworld.controller.client.HomePageControllerTest
com.nah.laptopworld.controller.client.HomePageControllerTest.testFindUserByUsername -- Time elapsed: 0.076 s <<< ERROR!
java.lang.NullPointerException: Cannot invoke "com.nah.laptopworld.model.User.getFullName()" because "currentUser" is null
	at com.nah.laptopworld.controller.client.HomePageControllerTest.testFindUserByUsername(HomePageControllerTest.java:192)
	at java.base/java.lang.reflect.Method.invoke(Method.java:568)
	at java.base/java.util.ArrayList.forEach(ArrayList.java:1511)
	at java.base/java.util.ArrayList.forEach(ArrayList.java:1511)

com.nah.laptopworld.controller.client.HomePageControllerTest.testHandleRegister_InvalidUser_ShouldReturnRegisterView -- Time elapsed: 0.043 s <<< FAILURE!
java.lang.AssertionError: Status expected:<200> but was:<404>
	at org.springframework.test.util.AssertionErrors.fail(AssertionErrors.java:59)
	at org.springframework.test.util.AssertionErrors.assertEquals(AssertionErrors.java:122)
	at org.springframework.test.web.servlet.result.StatusResultMatchers.lambda$matcher$9(StatusResultMatchers.java:637)
	at org.springframework.test.web.servlet.MockMvc$1.andExpect(MockMvc.java:214)
	at com.nah.laptopworld.controller.client.HomePageControllerTest.testHandleRegister_InvalidUser_ShouldReturnRegisterView(HomePageControllerTest.java:183)
	at java.base/java.lang.reflect.Method.invoke(Method.java:568)
	at java.base/java.util.ArrayList.forEach(ArrayList.java:1511)
	at java.base/java.util.ArrayList.forEach(ArrayList.java:1511)

com.nah.laptopworld.controller.client.HomePageControllerTest.testHandleRegister_ValidUser_ShouldRedirectToLogin -- Time elapsed: 0.011 s <<< FAILURE!
java.lang.AssertionError: Range for response status value 404 expected:<REDIRECTION> but was:<CLIENT_ERROR>
	at org.springframework.test.util.AssertionErrors.fail(AssertionErrors.java:59)
	at org.springframework.test.util.AssertionErrors.assertEquals(AssertionErrors.java:122)
	at org.springframework.test.web.servlet.result.StatusResultMatchers.lambda$is3xxRedirection$4(StatusResultMatchers.java:87)
	at org.springframework.test.web.servlet.MockMvc$1.andExpect(MockMvc.java:214)
	at com.nah.laptopworld.controller.client.HomePageControllerTest.testHandleRegister_ValidUser_ShouldRedirectToLogin(HomePageControllerTest.java:168)
	at java.base/java.lang.reflect.Method.invoke(Method.java:568)
	at java.base/java.util.ArrayList.forEach(ArrayList.java:1511)
	at java.base/java.util.ArrayList.forEach(ArrayList.java:1511)

