<?xml version="1.0" encoding="UTF-8"?>
<testsuite xmlns:xsi="http://www.w3.org/2001/XMLSchema-instance" xsi:noNamespaceSchemaLocation="https://maven.apache.org/surefire/maven-surefire-plugin/xsd/surefire-test-report-3.0.xsd" version="3.0" name="com.nah.laptopworld.controller.client.HomePageControllerTest" time="3.637" tests="3" errors="1" skipped="0" failures="2">
  <properties>
[...]
</properties>
  <testcase name="testFindUserByUsername" classname="com.nah.laptopworld.controller.client.HomePageControllerTest" time="0.076">
    <error message="Cannot invoke &quot;com.nah.laptopworld.model.User.getFullName()&quot; because &quot;currentUser&quot; is null" type="java.lang.NullPointerException"><![CDATA[java.lang.NullPointerException: Cannot invoke "com.nah.laptopworld.model.User.getFullName()" because "currentUser" is null
	at com.nah.laptopworld.controller.client.HomePageControllerTest.testFindUserByUsername(HomePageControllerTest.java:192)
	at java.base/java.lang.reflect.Method.invoke(Method.java:568)
	at java.base/java.util.ArrayList.forEach(ArrayList.java:1511)
	at java.base/java.util.ArrayList.forEach(ArrayList.java:1511)
]]></error>
    <system-out><![CDATA[14:16:48.585 [main] INFO org.springframework.test.context.support.AnnotationConfigContextLoaderUtils -- Could not detect default configuration classes for test class [com.nah.laptopworld.controller.client.HomePageControllerTest]: HomePageControllerTest does not declare any static, non-private, non-final, nested classes annotated with @Configuration.
14:16:48.750 [main] INFO org.springframework.boot.test.context.SpringBootTestContextBootstrapper -- Found @SpringBootConfiguration com.nah.laptopworld.LaptopworldApplication for test class com.nah.laptopworld.controller.client.HomePageControllerTest
14:16:49.687 [main] INFO org.springframework.boot.devtools.restart.RestartApplicationListener -- Restart disabled due to context in which it is running

  .   ____          _            __ _ _
 /\\ / ___'_ __ _ _(_)_ __  __ _ \ \ \ \
( ( )\___ | '_ | '_| | '_ \/ _` | \ \ \ \
 \\/  ___)| |_)| | | | | || (_| |  ) ) ) )
  '  |____| .__|_| |_|_| |_\__, | / / / /
 =========|_|==============|___/=/_/_/_/
 :: Spring Boot ::                (v3.2.3)

2025-04-12T14:16:50.000+07:00  INFO 23720 --- [laptopworld] [           main] c.n.l.c.client.HomePageControllerTest    : Starting HomePageControllerTest using Java 17.0.12 with PID 23720 (started by anhuy in D:\Study\4. Do an\LaptopWorld\backend)
2025-04-12T14:16:50.002+07:00  INFO 23720 --- [laptopworld] [           main] c.n.l.c.client.HomePageControllerTest    : No active profile set, falling back to 1 default profile: "default"
2025-04-12T14:16:51.596+07:00  WARN 23720 --- [laptopworld] [           main] .s.s.UserDetailsServiceAutoConfiguration : 

Using generated security password: a5019111-aa97-42df-8983-919b4021ccf8

This generated password is for development use only. Your security configuration must be updated before running your application in production.

2025-04-12T14:16:51.745+07:00  INFO 23720 --- [laptopworld] [           main] o.s.s.web.DefaultSecurityFilterChain     : Will secure any request with [org.springframework.security.web.session.DisableEncodeUrlFilter@6c519e47, org.springframework.security.web.context.request.async.WebAsyncManagerIntegrationFilter@3ce7490a, org.springframework.security.web.context.SecurityContextHolderFilter@37cf91d8, org.springframework.security.web.header.HeaderWriterFilter@7f53fc38, org.springframework.web.filter.CorsFilter@4768b95c, org.springframework.security.web.csrf.CsrfFilter@53e28097, org.springframework.security.web.authentication.logout.LogoutFilter@2a9e754e, org.springframework.security.web.authentication.UsernamePasswordAuthenticationFilter@780ee3ad, org.springframework.security.web.authentication.ui.DefaultLoginPageGeneratingFilter@32b95de, org.springframework.security.web.authentication.ui.DefaultLogoutPageGeneratingFilter@1530d0f2, org.springframework.security.web.authentication.www.BasicAuthenticationFilter@5fc1e4fb, org.springframework.security.web.savedrequest.RequestCacheAwareFilter@54e0f76f, org.springframework.security.web.servletapi.SecurityContextHolderAwareRequestFilter@3fe8ad3f, org.springframework.security.web.authentication.AnonymousAuthenticationFilter@7573c7b5, org.springframework.security.web.access.ExceptionTranslationFilter@9bf63d2, org.springframework.security.web.access.intercept.AuthorizationFilter@6cee903a]
2025-04-12T14:16:51.821+07:00  INFO 23720 --- [laptopworld] [           main] o.s.b.t.m.w.SpringBootMockServletContext : Initializing Spring TestDispatcherServlet ''
2025-04-12T14:16:51.821+07:00  INFO 23720 --- [laptopworld] [           main] o.s.t.web.servlet.TestDispatcherServlet  : Initializing Servlet ''
2025-04-12T14:16:51.824+07:00  INFO 23720 --- [laptopworld] [           main] o.s.t.web.servlet.TestDispatcherServlet  : Completed initialization in 3 ms
2025-04-12T14:16:51.876+07:00  INFO 23720 --- [laptopworld] [           main] c.n.l.c.client.HomePageControllerTest    : Started HomePageControllerTest in 2.199 seconds (process running for 4.107)
expected: test user
]]></system-out>
  </testcase>
  <testcase name="testHandleRegister_InvalidUser_ShouldReturnRegisterView" classname="com.nah.laptopworld.controller.client.HomePageControllerTest" time="0.043">
    <failure message="Status expected:&lt;200&gt; but was:&lt;404&gt;" type="java.lang.AssertionError"><![CDATA[java.lang.AssertionError: Status expected:<200> but was:<404>
	at org.springframework.test.util.AssertionErrors.fail(AssertionErrors.java:59)
	at org.springframework.test.util.AssertionErrors.assertEquals(AssertionErrors.java:122)
	at org.springframework.test.web.servlet.result.StatusResultMatchers.lambda$matcher$9(StatusResultMatchers.java:637)
	at org.springframework.test.web.servlet.MockMvc$1.andExpect(MockMvc.java:214)
	at com.nah.laptopworld.controller.client.HomePageControllerTest.testHandleRegister_InvalidUser_ShouldReturnRegisterView(HomePageControllerTest.java:183)
	at java.base/java.lang.reflect.Method.invoke(Method.java:568)
	at java.base/java.util.ArrayList.forEach(ArrayList.java:1511)
	at java.base/java.util.ArrayList.forEach(ArrayList.java:1511)
]]></failure>
    <system-out><![CDATA[2025-04-12T14:16:52.004+07:00  WARN 23720 --- [laptopworld] [           main] o.s.web.servlet.PageNotFound             : No mapping for POST /register
2025-04-12T14:16:52.009+07:00  WARN 23720 --- [laptopworld] [           main] o.s.web.servlet.PageNotFound             : No endpoint POST /register.

MockHttpServletRequest:
      HTTP Method = POST
      Request URI = /register
       Parameters = {firstName=[valid], lastName=[user], email=[], password=[validPassword], _csrf=[B_sqXSo-cmp5AK4MJdBLLzcKQ8_ocsyD1S8xp0uMHTHuPOTOMM8TaUkHQF1UNMhqFf1_HVQ7bq7cQ_yutBtQwyq0flOLD4ev]}
          Headers = []
             Body = <no character encoding set>
    Session Attrs = {}

Handler:
             Type = null

Async:
    Async started = false
     Async result = null

Resolved Exception:
             Type = org.springframework.web.servlet.NoHandlerFoundException

ModelAndView:
        View name = null
             View = null
            Model = null

FlashMap:
       Attributes = null

MockHttpServletResponse:
           Status = 404
    Error message = No endpoint POST /register.
          Headers = []
     Content type = null
             Body = 
    Forwarded URL = null
   Redirected URL = null
          Cookies = []
]]></system-out>
  </testcase>
  <testcase name="testHandleRegister_ValidUser_ShouldRedirectToLogin" classname="com.nah.laptopworld.controller.client.HomePageControllerTest" time="0.011">
    <failure message="Range for response status value 404 expected:&lt;REDIRECTION&gt; but was:&lt;CLIENT_ERROR&gt;" type="java.lang.AssertionError"><![CDATA[java.lang.AssertionError: Range for response status value 404 expected:<REDIRECTION> but was:<CLIENT_ERROR>
	at org.springframework.test.util.AssertionErrors.fail(AssertionErrors.java:59)
	at org.springframework.test.util.AssertionErrors.assertEquals(AssertionErrors.java:122)
	at org.springframework.test.web.servlet.result.StatusResultMatchers.lambda$is3xxRedirection$4(StatusResultMatchers.java:87)
	at org.springframework.test.web.servlet.MockMvc$1.andExpect(MockMvc.java:214)
	at com.nah.laptopworld.controller.client.HomePageControllerTest.testHandleRegister_ValidUser_ShouldRedirectToLogin(HomePageControllerTest.java:168)
	at java.base/java.lang.reflect.Method.invoke(Method.java:568)
	at java.base/java.util.ArrayList.forEach(ArrayList.java:1511)
	at java.base/java.util.ArrayList.forEach(ArrayList.java:1511)
]]></failure>
    <system-out><![CDATA[2025-04-12T14:16:52.028+07:00  WARN 23720 --- [laptopworld] [           main] o.s.web.servlet.PageNotFound             : No mapping for POST /register
2025-04-12T14:16:52.029+07:00  WARN 23720 --- [laptopworld] [           main] o.s.web.servlet.PageNotFound             : No endpoint POST /register.

MockHttpServletRequest:
      HTTP Method = POST
      Request URI = /register
       Parameters = {firstName=[valid], lastName=[user], email=[valid@email.com], password=[validPassword], confirmPassword=[validPassword], _csrf=[oED9YIF-HDDDGKtnPrFiUEYP0zfhuhhexcdsZy0P3uHr4KDdlyTOBrNGfQDufJ5RB5xWYCdt_g_Zg35zpKMKX0ts6YOI2MLq]}
          Headers = []
             Body = <no character encoding set>
    Session Attrs = {registerUser=com.nah.laptopworld.dto.response.RegisterResponse@2a661215}

Handler:
             Type = null

Async:
    Async started = false
     Async result = null

Resolved Exception:
             Type = org.springframework.web.servlet.NoHandlerFoundException

ModelAndView:
        View name = null
             View = null
            Model = null

FlashMap:
       Attributes = null

MockHttpServletResponse:
           Status = 404
    Error message = No endpoint POST /register.
          Headers = []
     Content type = null
             Body = 
    Forwarded URL = null
   Redirected URL = null
          Cookies = []
]]></system-out>
  </testcase>
</testsuite>